On branch glitched
Your branch is ahead of 'origin/glitched' by 3 commits.
  (use "git push" to publish your local commits)

Changes not staged for commit:
  (use "git add/rm <file>..." to update what will be committed)
  (use "git restore <file>..." to discard changes in working directory)
	modified:   .env
	modified:   backend/app/database.py
	modified:   backend/app/main.py
	modified:   backend/app/models.py
	deleted:    backend/app/redis_client.py
	modified:   backend/app/routers/auth.py

Untracked files:
  (use "git add <file>..." to include in what will be committed)
	backend/debug_register.py
	backend/debug_register_urllib.py
	backend/migrate_db.py
	backend/verify_auth_flow.py
	backend/verify_connections.py
	frontend_backup/
	pull_errors.log
	pull_output.txt
	status.log

no changes added to commit (use "git add" and/or "git commit -a")
